Port monitor named: Port1_h1.prt

nx        = 4
ny        = 17
nz        = 17

nu        = 15
nv        = 15
iu        = 2
iv        = 2

idir      = 0
dcut      = -3.540000e-002
icut      = 2
type      = 1
frequency = 4.000000e+009

fcutoff   = 0.000000e+000
alpha     = 0.000000e+000
beta      = 1.214949e+002
accuracy  = 1.621844e-012

type          = TEM
wave imp.     = 2.599512e+002
wave imp.sig. = 8.019444e-006
line imp.     = 2.980172e+001

ref. port     = 0

0.000000e+000  0.000000e+000  0.000000e+000  0.000000e+000  0.000000e+000  1.972113e+001  2.124461e+001  2.289722e+001  2.124453e+001  1.972095e+001  0.000000e+000  0.000000e+000  0.000000e+000  0.000000e+000  0.000000e+000  
0.000000e+000  0.000000e+000  0.000000e+000  1.655106e+001  1.894491e+001  2.156642e+001  2.392694e+001  2.645692e+001  2.392685e+001  2.156614e+001  1.894395e+001  1.654021e+001  0.000000e+000  0.000000e+000  0.000000e+000  
0.000000e+000  0.000000e+000  1.389571e+001  1.685615e+001  2.020562e+001  2.387272e+001  2.733963e+001  3.128163e+001  2.733963e+001  2.387274e+001  2.020587e+001  1.685783e+001  1.389532e+001  0.000000e+000  0.000000e+000  
0.000000e+000  0.000000e+000  1.353520e+001  1.686292e+001  2.114868e+001  2.637921e+001  3.174960e+001  3.807733e+001  3.174967e+001  2.637934e+001  2.114896e+001  1.686345e+001  1.353516e+001  0.000000e+000  0.000000e+000  
0.000000e+000  9.416245e+000  1.223041e+001  1.591165e+001  2.114697e+001  2.874585e+001  3.763058e+001  4.803689e+001  3.763071e+001  2.874600e+001  2.114716e+001  1.591187e+001  1.223046e+001  9.416218e+000  0.000000e+000  
0.000000e+000  7.617529e+000  9.944044e+000  1.340631e+001  1.878170e+001  2.876121e+001  0.000000e+000  0.000000e+000  0.000000e+000  2.876134e+001  1.878181e+001  1.340642e+001  9.944093e+000  7.617531e+000  0.000000e+000  
0.000000e+000  3.537489e+000  4.810867e+000  6.778627e+000  9.926481e+000  0.000000e+000  0.000000e+000  0.000000e+000  0.000000e+000  0.000000e+000  9.926507e+000  6.778666e+000  4.810896e+000  3.537500e+000  0.000000e+000  
0.000000e+000  -3.537500e+000  -4.810896e+000  -6.778666e+000  -9.926507e+000  0.000000e+000  0.000000e+000  0.000000e+000  0.000000e+000  0.000000e+000  -9.926481e+000  -6.778627e+000  -4.810867e+000  -3.537489e+000  0.000000e+000  
0.000000e+000  -7.617531e+000  -9.944093e+000  -1.340642e+001  -1.878181e+001  -2.876134e+001  0.000000e+000  0.000000e+000  0.000000e+000  -2.876121e+001  -1.878170e+001  -1.340631e+001  -9.944044e+000  -7.617529e+000  0.000000e+000  
0.000000e+000  -9.416218e+000  -1.223046e+001  -1.591187e+001  -2.114716e+001  -2.874600e+001  -3.763071e+001  -4.803689e+001  -3.763058e+001  -2.874585e+001  -2.114697e+001  -1.591165e+001  -1.223041e+001  -9.416245e+000  0.000000e+000  
0.000000e+000  0.000000e+000  -1.353516e+001  -1.686345e+001  -2.114896e+001  -2.637934e+001  -3.174967e+001  -3.807733e+001  -3.174960e+001  -2.637921e+001  -2.114868e+001  -1.686292e+001  -1.353520e+001  0.000000e+000  0.000000e+000  
0.000000e+000  0.000000e+000  -1.389532e+001  -1.685783e+001  -2.020587e+001  -2.387274e+001  -2.733963e+001  -3.128163e+001  -2.733963e+001  -2.387272e+001  -2.020562e+001  -1.685615e+001  -1.389571e+001  0.000000e+000  0.000000e+000  
0.000000e+000  0.000000e+000  0.000000e+000  -1.654021e+001  -1.894395e+001  -2.156614e+001  -2.392685e+001  -2.645692e+001  -2.392694e+001  -2.156642e+001  -1.894491e+001  -1.655106e+001  0.000000e+000  0.000000e+000  0.000000e+000  
0.000000e+000  0.000000e+000  0.000000e+000  0.000000e+000  0.000000e+000  -1.972095e+001  -2.124453e+001  -2.289722e+001  -2.124461e+001  -1.972113e+001  0.000000e+000  0.000000e+000  0.000000e+000  0.000000e+000  0.000000e+000  
0.000000e+000  0.000000e+000  0.000000e+000  0.000000e+000  0.000000e+000  0.000000e+000  0.000000e+000  0.000000e+000  0.000000e+000  0.000000e+000  0.000000e+000  0.000000e+000  0.000000e+000  0.000000e+000  0.000000e+000  

0.000000e+000  0.000000e+000  0.000000e+000  0.000000e+000  0.000000e+000  0.000000e+000  0.000000e+000  0.000000e+000  0.000000e+000  0.000000e+000  0.000000e+000  0.000000e+000  0.000000e+000  0.000000e+000  0.000000e+000  
0.000000e+000  0.000000e+000  0.000000e+000  0.000000e+000  -9.428474e+000  -7.583185e+000  -3.559683e+000  3.559713e+000  7.583201e+000  9.428387e+000  0.000000e+000  0.000000e+000  0.000000e+000  0.000000e+000  0.000000e+000  
0.000000e+000  0.000000e+000  -1.381581e+001  -1.351071e+001  -1.225000e+001  -9.943705e+000  -4.824671e+000  4.824747e+000  9.943917e+000  1.225053e+001  1.351245e+001  1.383007e+001  0.000000e+000  0.000000e+000  0.000000e+000  
0.000000e+000  -1.650642e+001  -1.686694e+001  -1.686017e+001  -1.591711e+001  -1.341062e+001  -6.795668e+000  6.795745e+000  1.341080e+001  1.591740e+001  1.686049e+001  1.686611e+001  1.650595e+001  0.000000e+000  0.000000e+000  
0.000000e+000  -1.888988e+001  -2.019466e+001  -2.114593e+001  -2.114764e+001  -1.878100e+001  -9.959537e+000  9.959577e+000  1.878113e+001  2.114779e+001  2.114599e+001  2.019441e+001  1.888971e+001  0.000000e+000  0.000000e+000  
-1.979083e+001  -2.158954e+001  -2.387591e+001  -2.638125e+001  -2.874652e+001  -2.873116e+001  0.000000e+000  0.000000e+000  2.873128e+001  2.874662e+001  2.638128e+001  2.387583e+001  2.158946e+001  1.979077e+001  0.000000e+000  
-2.119603e+001  -2.391606e+001  -2.733818e+001  -3.175664e+001  -3.766012e+001  0.000000e+000  0.000000e+000  0.000000e+000  0.000000e+000  3.766020e+001  3.175666e+001  2.733816e+001  2.391603e+001  2.119601e+001  0.000000e+000  
-2.292532e+001  -2.646282e+001  -3.127370e+001  -3.805234e+001  -4.797884e+001  0.000000e+000  0.000000e+000  0.000000e+000  0.000000e+000  4.797884e+001  3.805234e+001  3.127370e+001  2.646282e+001  2.292532e+001  0.000000e+000  
-2.119601e+001  -2.391603e+001  -2.733816e+001  -3.175666e+001  -3.766020e+001  0.000000e+000  0.000000e+000  0.000000e+000  0.000000e+000  3.766012e+001  3.175664e+001  2.733818e+001  2.391606e+001  2.119603e+001  0.000000e+000  
-1.979077e+001  -2.158946e+001  -2.387583e+001  -2.638128e+001  -2.874662e+001  -2.873128e+001  0.000000e+000  0.000000e+000  2.873116e+001  2.874652e+001  2.638125e+001  2.387591e+001  2.158954e+001  1.979083e+001  0.000000e+000  
0.000000e+000  -1.888971e+001  -2.019441e+001  -2.114599e+001  -2.114779e+001  -1.878113e+001  -9.959577e+000  9.959537e+000  1.878100e+001  2.114764e+001  2.114593e+001  2.019466e+001  1.888988e+001  0.000000e+000  0.000000e+000  
0.000000e+000  -1.650595e+001  -1.686611e+001  -1.686049e+001  -1.591740e+001  -1.341080e+001  -6.795745e+000  6.795668e+000  1.341062e+001  1.591711e+001  1.686017e+001  1.686694e+001  1.650642e+001  0.000000e+000  0.000000e+000  
0.000000e+000  0.000000e+000  -1.383007e+001  -1.351245e+001  -1.225053e+001  -9.943917e+000  -4.824747e+000  4.824671e+000  9.943705e+000  1.225000e+001  1.351071e+001  1.381581e+001  0.000000e+000  0.000000e+000  0.000000e+000  
0.000000e+000  0.000000e+000  0.000000e+000  0.000000e+000  -9.428387e+000  -7.583201e+000  -3.559713e+000  3.559683e+000  7.583185e+000  9.428474e+000  0.000000e+000  0.000000e+000  0.000000e+000  0.000000e+000  0.000000e+000  
0.000000e+000  0.000000e+000  0.000000e+000  0.000000e+000  0.000000e+000  0.000000e+000  0.000000e+000  0.000000e+000  0.000000e+000  0.000000e+000  0.000000e+000  0.000000e+000  0.000000e+000  0.000000e+000  0.000000e+000  

0.000000e+000  0.000000e+000  0.000000e+000  0.000000e+000  0.000000e+000  0.000000e+000  0.000000e+000  0.000000e+000  0.000000e+000  0.000000e+000  0.000000e+000  0.000000e+000  0.000000e+000  0.000000e+000  0.000000e+000  
0.000000e+000  0.000000e+000  0.000000e+000  0.000000e+000  0.000000e+000  0.000000e+000  0.000000e+000  0.000000e+000  0.000000e+000  0.000000e+000  0.000000e+000  0.000000e+000  0.000000e+000  0.000000e+000  0.000000e+000  
0.000000e+000  0.000000e+000  0.000000e+000  0.000000e+000  0.000000e+000  0.000000e+000  0.000000e+000  0.000000e+000  0.000000e+000  0.000000e+000  0.000000e+000  0.000000e+000  0.000000e+000  0.000000e+000  0.000000e+000  
0.000000e+000  0.000000e+000  0.000000e+000  0.000000e+000  0.000000e+000  0.000000e+000  0.000000e+000  0.000000e+000  0.000000e+000  0.000000e+000  0.000000e+000  0.000000e+000  0.000000e+000  0.000000e+000  0.000000e+000  
0.000000e+000  0.000000e+000  0.000000e+000  0.000000e+000  0.000000e+000  0.000000e+000  0.000000e+000  0.000000e+000  0.000000e+000  0.000000e+000  0.000000e+000  0.000000e+000  0.000000e+000  0.000000e+000  0.000000e+000  
0.000000e+000  0.000000e+000  0.000000e+000  0.000000e+000  0.000000e+000  0.000000e+000  0.000000e+000  0.000000e+000  0.000000e+000  0.000000e+000  0.000000e+000  0.000000e+000  0.000000e+000  0.000000e+000  0.000000e+000  
0.000000e+000  0.000000e+000  0.000000e+000  0.000000e+000  0.000000e+000  0.000000e+000  0.000000e+000  0.000000e+000  0.000000e+000  0.000000e+000  0.000000e+000  0.000000e+000  0.000000e+000  0.000000e+000  0.000000e+000  
0.000000e+000  0.000000e+000  0.000000e+000  0.000000e+000  0.000000e+000  0.000000e+000  0.000000e+000  0.000000e+000  0.000000e+000  0.000000e+000  0.000000e+000  0.000000e+000  0.000000e+000  0.000000e+000  0.000000e+000  
0.000000e+000  0.000000e+000  0.000000e+000  0.000000e+000  0.000000e+000  0.000000e+000  0.000000e+000  0.000000e+000  0.000000e+000  0.000000e+000  0.000000e+000  0.000000e+000  0.000000e+000  0.000000e+000  0.000000e+000  
0.000000e+000  0.000000e+000  0.000000e+000  0.000000e+000  0.000000e+000  0.000000e+000  0.000000e+000  0.000000e+000  0.000000e+000  0.000000e+000  0.000000e+000  0.000000e+000  0.000000e+000  0.000000e+000  0.000000e+000  
0.000000e+000  0.000000e+000  0.000000e+000  0.000000e+000  0.000000e+000  0.000000e+000  0.000000e+000  0.000000e+000  0.000000e+000  0.000000e+000  0.000000e+000  0.000000e+000  0.000000e+000  0.000000e+000  0.000000e+000  
0.000000e+000  0.000000e+000  0.000000e+000  0.000000e+000  0.000000e+000  0.000000e+000  0.000000e+000  0.000000e+000  0.000000e+000  0.000000e+000  0.000000e+000  0.000000e+000  0.000000e+000  0.000000e+000  0.000000e+000  
0.000000e+000  0.000000e+000  0.000000e+000  0.000000e+000  0.000000e+000  0.000000e+000  0.000000e+000  0.000000e+000  0.000000e+000  0.000000e+000  0.000000e+000  0.000000e+000  0.000000e+000  0.000000e+000  0.000000e+000  
0.000000e+000  0.000000e+000  0.000000e+000  0.000000e+000  0.000000e+000  0.000000e+000  0.000000e+000  0.000000e+000  0.000000e+000  0.000000e+000  0.000000e+000  0.000000e+000  0.000000e+000  0.000000e+000  0.000000e+000  
0.000000e+000  0.000000e+000  0.000000e+000  0.000000e+000  0.000000e+000  0.000000e+000  0.000000e+000  0.000000e+000  0.000000e+000  0.000000e+000  0.000000e+000  0.000000e+000  0.000000e+000  0.000000e+000  0.000000e+000  

0.000000e+000  0.000000e+000  0.000000e+000  0.000000e+000  0.000000e+000  0.000000e+000  0.000000e+000  0.000000e+000  0.000000e+000  0.000000e+000  0.000000e+000  0.000000e+000  0.000000e+000  0.000000e+000  0.000000e+000  
0.000000e+000  0.000000e+000  0.000000e+000  0.000000e+000  0.000000e+000  0.000000e+000  0.000000e+000  0.000000e+000  0.000000e+000  0.000000e+000  0.000000e+000  0.000000e+000  0.000000e+000  0.000000e+000  0.000000e+000  
0.000000e+000  0.000000e+000  0.000000e+000  0.000000e+000  0.000000e+000  0.000000e+000  0.000000e+000  0.000000e+000  0.000000e+000  0.000000e+000  0.000000e+000  0.000000e+000  0.000000e+000  0.000000e+000  0.000000e+000  
0.000000e+000  0.000000e+000  0.000000e+000  0.000000e+000  0.000000e+000  0.000000e+000  0.000000e+000  0.000000e+000  0.000000e+000  0.000000e+000  0.000000e+000  0.000000e+000  0.000000e+000  0.000000e+000  0.000000e+000  
0.000000e+000  0.000000e+000  0.000000e+000  0.000000e+000  0.000000e+000  0.000000e+000  0.000000e+000  0.000000e+000  0.000000e+000  0.000000e+000  0.000000e+000  0.000000e+000  0.000000e+000  0.000000e+000  0.000000e+000  
0.000000e+000  0.000000e+000  0.000000e+000  0.000000e+000  0.000000e+000  0.000000e+000  0.000000e+000  0.000000e+000  0.000000e+000  0.000000e+000  0.000000e+000  0.000000e+000  0.000000e+000  0.000000e+000  0.000000e+000  
0.000000e+000  0.000000e+000  0.000000e+000  0.000000e+000  0.000000e+000  0.000000e+000  0.000000e+000  0.000000e+000  0.000000e+000  0.000000e+000  0.000000e+000  0.000000e+000  0.000000e+000  0.000000e+000  0.000000e+000  
0.000000e+000  0.000000e+000  0.000000e+000  0.000000e+000  0.000000e+000  0.000000e+000  0.000000e+000  0.000000e+000  0.000000e+000  0.000000e+000  0.000000e+000  0.000000e+000  0.000000e+000  0.000000e+000  0.000000e+000  
0.000000e+000  0.000000e+000  0.000000e+000  0.000000e+000  0.000000e+000  0.000000e+000  0.000000e+000  0.000000e+000  0.000000e+000  0.000000e+000  0.000000e+000  0.000000e+000  0.000000e+000  0.000000e+000  0.000000e+000  
0.000000e+000  0.000000e+000  0.000000e+000  0.000000e+000  0.000000e+000  0.000000e+000  0.000000e+000  0.000000e+000  0.000000e+000  0.000000e+000  0.000000e+000  0.000000e+000  0.000000e+000  0.000000e+000  0.000000e+000  
0.000000e+000  0.000000e+000  0.000000e+000  0.000000e+000  0.000000e+000  0.000000e+000  0.000000e+000  0.000000e+000  0.000000e+000  0.000000e+000  0.000000e+000  0.000000e+000  0.000000e+000  0.000000e+000  0.000000e+000  
0.000000e+000  0.000000e+000  0.000000e+000  0.000000e+000  0.000000e+000  0.000000e+000  0.000000e+000  0.000000e+000  0.000000e+000  0.000000e+000  0.000000e+000  0.000000e+000  0.000000e+000  0.000000e+000  0.000000e+000  
0.000000e+000  0.000000e+000  0.000000e+000  0.000000e+000  0.000000e+000  0.000000e+000  0.000000e+000  0.000000e+000  0.000000e+000  0.000000e+000  0.000000e+000  0.000000e+000  0.000000e+000  0.000000e+000  0.000000e+000  
0.000000e+000  0.000000e+000  0.000000e+000  0.000000e+000  0.000000e+000  0.000000e+000  0.000000e+000  0.000000e+000  0.000000e+000  0.000000e+000  0.000000e+000  0.000000e+000  0.000000e+000  0.000000e+000  0.000000e+000  
0.000000e+000  0.000000e+000  0.000000e+000  0.000000e+000  0.000000e+000  0.000000e+000  0.000000e+000  0.000000e+000  0.000000e+000  0.000000e+000  0.000000e+000  0.000000e+000  0.000000e+000  0.000000e+000  0.000000e+000  

0.000000e+000  0.000000e+000  0.000000e+000  0.000000e+000  0.000000e+000  0.000000e+000  0.000000e+000  0.000000e+000  0.000000e+000  0.000000e+000  0.000000e+000  0.000000e+000  0.000000e+000  0.000000e+000  0.000000e+000  
0.000000e+000  0.000000e+000  0.000000e+000  0.000000e+000  0.000000e+000  0.000000e+000  0.000000e+000  0.000000e+000  0.000000e+000  0.000000e+000  0.000000e+000  0.000000e+000  0.000000e+000  0.000000e+000  0.000000e+000  
0.000000e+000  0.000000e+000  0.000000e+000  0.000000e+000  0.000000e+000  0.000000e+000  0.000000e+000  0.000000e+000  0.000000e+000  0.000000e+000  0.000000e+000  0.000000e+000  0.000000e+000  0.000000e+000  0.000000e+000  
0.000000e+000  0.000000e+000  0.000000e+000  0.000000e+000  0.000000e+000  0.000000e+000  0.000000e+000  0.000000e+000  0.000000e+000  0.000000e+000  0.000000e+000  0.000000e+000  0.000000e+000  0.000000e+000  0.000000e+000  
0.000000e+000  0.000000e+000  0.000000e+000  0.000000e+000  0.000000e+000  0.000000e+000  0.000000e+000  0.000000e+000  0.000000e+000  0.000000e+000  0.000000e+000  0.000000e+000  0.000000e+000  0.000000e+000  0.000000e+000  
0.000000e+000  0.000000e+000  0.000000e+000  0.000000e+000  0.000000e+000  0.000000e+000  0.000000e+000  0.000000e+000  0.000000e+000  0.000000e+000  0.000000e+000  0.000000e+000  0.000000e+000  0.000000e+000  0.000000e+000  
0.000000e+000  0.000000e+000  0.000000e+000  0.000000e+000  0.000000e+000  0.000000e+000  0.000000e+000  0.000000e+000  0.000000e+000  0.000000e+000  0.000000e+000  0.000000e+000  0.000000e+000  0.000000e+000  0.000000e+000  
0.000000e+000  0.000000e+000  0.000000e+000  0.000000e+000  0.000000e+000  0.000000e+000  0.000000e+000  0.000000e+000  0.000000e+000  0.000000e+000  0.000000e+000  0.000000e+000  0.000000e+000  0.000000e+000  0.000000e+000  
0.000000e+000  0.000000e+000  0.000000e+000  0.000000e+000  0.000000e+000  0.000000e+000  0.000000e+000  0.000000e+000  0.000000e+000  0.000000e+000  0.000000e+000  0.000000e+000  0.000000e+000  0.000000e+000  0.000000e+000  
0.000000e+000  0.000000e+000  0.000000e+000  0.000000e+000  0.000000e+000  0.000000e+000  0.000000e+000  0.000000e+000  0.000000e+000  0.000000e+000  0.000000e+000  0.000000e+000  0.000000e+000  0.000000e+000  0.000000e+000  
0.000000e+000  0.000000e+000  0.000000e+000  0.000000e+000  0.000000e+000  0.000000e+000  0.000000e+000  0.000000e+000  0.000000e+000  0.000000e+000  0.000000e+000  0.000000e+000  0.000000e+000  0.000000e+000  0.000000e+000  
0.000000e+000  0.000000e+000  0.000000e+000  0.000000e+000  0.000000e+000  0.000000e+000  0.000000e+000  0.000000e+000  0.000000e+000  0.000000e+000  0.000000e+000  0.000000e+000  0.000000e+000  0.000000e+000  0.000000e+000  
0.000000e+000  0.000000e+000  0.000000e+000  0.000000e+000  0.000000e+000  0.000000e+000  0.000000e+000  0.000000e+000  0.000000e+000  0.000000e+000  0.000000e+000  0.000000e+000  0.000000e+000  0.000000e+000  0.000000e+000  
0.000000e+000  0.000000e+000  0.000000e+000  0.000000e+000  0.000000e+000  0.000000e+000  0.000000e+000  0.000000e+000  0.000000e+000  0.000000e+000  0.000000e+000  0.000000e+000  0.000000e+000  0.000000e+000  0.000000e+000  
0.000000e+000  0.000000e+000  0.000000e+000  0.000000e+000  0.000000e+000  0.000000e+000  0.000000e+000  0.000000e+000  0.000000e+000  0.000000e+000  0.000000e+000  0.000000e+000  0.000000e+000  0.000000e+000  0.000000e+000  

-0.000000e+000  -0.000000e+000  -0.000000e+000  -0.000000e+000  -0.000000e+000  3.762086e-008  -4.021465e-009  8.415834e-009  -3.323114e-008  -0.000000e+000  -0.000000e+000  -0.000000e+000  -0.000000e+000  -0.000000e+000  -0.000000e+000  
-0.000000e+000  -0.000000e+000  -0.000000e+000  3.248960e-008  3.358982e-008  3.919943e-008  -5.908664e-009  1.030500e-008  -3.482249e-008  -2.921334e-008  -2.806468e-008  -0.000000e+000  -0.000000e+000  -0.000000e+000  -0.000000e+000  
-0.000000e+000  -0.000000e+000  2.012655e-008  2.612014e-008  3.216006e-008  3.993317e-008  -8.607868e-009  1.301099e-008  -3.555647e-008  -2.785631e-008  -2.198393e-008  -1.633955e-008  -0.000000e+000  -0.000000e+000  -0.000000e+000  
-0.000000e+000  1.042670e-008  1.289984e-008  1.968956e-008  2.902259e-008  3.898738e-008  -1.200689e-008  1.642810e-008  -3.458236e-008  -2.468742e-008  -1.560369e-008  -9.167271e-009  -6.899923e-009  -0.000000e+000  -0.000000e+000  
-0.000000e+000  -5.673598e-009  1.372508e-009  1.076064e-008  2.521636e-008  3.349098e-008  -1.522574e-008  1.967523e-008  -2.898141e-008  -2.068318e-008  -6.629547e-009  2.262723e-009  8.890176e-009  -0.000000e+000  -0.000000e+000  
-3.959946e-009  -1.336482e-008  -1.251465e-008  -3.245398e-009  2.760661e-008  6.202944e-008  -0.000000e+000  -0.000000e+000  -5.703412e-008  -2.247850e-008  7.549273e-009  1.590409e-008  1.614649e-008  6.390765e-009  -0.000000e+000  
1.054031e-008  1.449318e-008  1.671946e-008  1.616571e-008  5.893223e-009  -0.000000e+000  -0.000000e+000  -0.000000e+000  -0.000000e+000  3.101335e-009  -1.156523e-008  -1.410712e-008  -1.279504e-008  -9.238607e-009  -0.000000e+000  
-1.058344e-008  -1.453867e-008  -1.676295e-008  -1.620224e-008  -5.940374e-009  -0.000000e+000  -0.000000e+000  -0.000000e+000  -0.000000e+000  -3.145383e-009  1.151317e-008  1.405358e-008  1.273994e-008  9.187942e-009  -0.000000e+000  
3.903036e-009  1.332044e-008  1.246943e-008  3.223860e-009  -2.762647e-008  -6.197279e-008  -0.000000e+000  -0.000000e+000  5.725261e-008  2.243665e-008  -7.561648e-009  -1.596169e-008  -1.620605e-008  -6.458878e-009  -0.000000e+000  
-0.000000e+000  5.601014e-009  -1.428913e-009  -1.078991e-008  -2.523374e-008  -3.350057e-008  1.527222e-008  -1.964729e-008  2.897634e-008  2.068877e-008  6.591230e-009  -2.308656e-009  -8.972804e-009  -0.000000e+000  -0.000000e+000  
-0.000000e+000  -1.051374e-008  -1.300504e-008  -1.973061e-008  -2.901926e-008  -3.898429e-008  1.204640e-008  -1.637276e-008  3.460997e-008  2.469325e-008  1.559131e-008  9.048632e-009  6.822960e-009  -0.000000e+000  -0.000000e+000  
-0.000000e+000  -0.000000e+000  -2.032431e-008  -2.612145e-008  -3.212603e-008  -3.988747e-008  8.660940e-009  -1.295910e-008  3.561097e-008  2.790902e-008  2.199215e-008  1.615286e-008  -0.000000e+000  -0.000000e+000  -0.000000e+000  
-0.000000e+000  -0.000000e+000  -0.000000e+000  -3.224234e-008  -3.348026e-008  -3.913755e-008  5.974708e-009  -1.024288e-008  3.491507e-008  2.934623e-008  2.831090e-008  -0.000000e+000  -0.000000e+000  -0.000000e+000  -0.000000e+000  
-0.000000e+000  -0.000000e+000  -0.000000e+000  -0.000000e+000  -0.000000e+000  -3.753906e-008  4.091424e-009  -8.347782e-009  3.332803e-008  -0.000000e+000  -0.000000e+000  -0.000000e+000  -0.000000e+000  -0.000000e+000  -0.000000e+000  
-0.000000e+000  -0.000000e+000  -0.000000e+000  -0.000000e+000  -0.000000e+000  -0.000000e+000  -0.000000e+000  -0.000000e+000  -0.000000e+000  -0.000000e+000  -0.000000e+000  -0.000000e+000  -0.000000e+000  -0.000000e+000  -0.000000e+000  

