Port monitor named: Port1_e1[4].prt

nx        = 4
ny        = 17
nz        = 17

nu        = 15
nv        = 15
iu        = 2
iv        = 2

idir      = 0
dcut      = -3.540000e-002
icut      = 2
type      = 0
frequency = 4.000000e+009

fcutoff   = 0.000000e+000
alpha     = 0.000000e+000
beta      = 1.214949e+002
accuracy  = 1.621844e-012

type          = TEM
wave imp.     = 2.599512e+002
wave imp.sig. = 8.019444e-006
line imp.     = 2.980172e+001

ref. port     = 0

0.000000e+000  0.000000e+000  0.000000e+000  0.000000e+000  0.000000e+000  0.000000e+000  0.000000e+000  0.000000e+000  0.000000e+000  0.000000e+000  0.000000e+000  0.000000e+000  0.000000e+000  0.000000e+000  0.000000e+000  
0.000000e+000  0.000000e+000  0.000000e+000  0.000000e+000  -2.450943e+003  -1.971258e+003  -9.253437e+002  9.253515e+002  1.971262e+003  2.450920e+003  0.000000e+000  0.000000e+000  0.000000e+000  0.000000e+000  0.000000e+000  
0.000000e+000  0.000000e+000  -3.591435e+003  -3.512125e+003  -3.184403e+003  -2.584878e+003  -1.254179e+003  1.254199e+003  2.584933e+003  3.184538e+003  3.512576e+003  3.595143e+003  0.000000e+000  0.000000e+000  0.000000e+000  
0.000000e+000  -4.290864e+003  -4.384581e+003  -4.382822e+003  -4.137671e+003  -3.486105e+003  -1.766542e+003  1.766562e+003  3.486154e+003  4.137747e+003  4.382903e+003  4.384365e+003  4.290741e+003  0.000000e+000  0.000000e+000  
0.000000e+000  -4.910445e+003  -5.249626e+003  -5.496910e+003  -5.497354e+003  -4.882144e+003  -2.588993e+003  2.589004e+003  4.882177e+003  5.497391e+003  5.496924e+003  5.249560e+003  4.910402e+003  0.000000e+000  0.000000e+000  
-5.144649e+003  -5.612227e+003  -6.206570e+003  -6.857836e+003  -7.472691e+003  -7.468697e+003  0.000000e+000  0.000000e+000  7.468730e+003  7.472718e+003  6.857843e+003  6.206549e+003  5.612206e+003  5.144635e+003  0.000000e+000  
-5.509934e+003  -6.217008e+003  -7.106591e+003  -8.255174e+003  -9.789791e+003  0.000000e+000  0.000000e+000  0.000000e+000  0.000000e+000  9.789812e+003  8.255181e+003  7.106586e+003  6.216998e+003  5.509926e+003  0.000000e+000  
-5.959464e+003  -6.879040e+003  -8.129634e+003  -9.891751e+003  -1.247215e+004  0.000000e+000  0.000000e+000  0.000000e+000  0.000000e+000  1.247215e+004  9.891751e+003  8.129634e+003  6.879040e+003  5.959464e+003  0.000000e+000  
-5.509926e+003  -6.216998e+003  -7.106586e+003  -8.255181e+003  -9.789812e+003  0.000000e+000  0.000000e+000  0.000000e+000  0.000000e+000  9.789791e+003  8.255174e+003  7.106591e+003  6.217008e+003  5.509933e+003  0.000000e+000  
-5.144635e+003  -5.612206e+003  -6.206549e+003  -6.857843e+003  -7.472718e+003  -7.468730e+003  0.000000e+000  0.000000e+000  7.468697e+003  7.472691e+003  6.857836e+003  6.206570e+003  5.612227e+003  5.144649e+003  0.000000e+000  
0.000000e+000  -4.910402e+003  -5.249560e+003  -5.496924e+003  -5.497391e+003  -4.882177e+003  -2.589004e+003  2.588993e+003  4.882144e+003  5.497354e+003  5.496910e+003  5.249626e+003  4.910445e+003  0.000000e+000  0.000000e+000  
0.000000e+000  -4.290741e+003  -4.384365e+003  -4.382903e+003  -4.137747e+003  -3.486154e+003  -1.766562e+003  1.766542e+003  3.486105e+003  4.137671e+003  4.382822e+003  4.384581e+003  4.290864e+003  0.000000e+000  0.000000e+000  
0.000000e+000  0.000000e+000  -3.595143e+003  -3.512576e+003  -3.184538e+003  -2.584933e+003  -1.254199e+003  1.254179e+003  2.584878e+003  3.184403e+003  3.512125e+003  3.591435e+003  0.000000e+000  0.000000e+000  0.000000e+000  
0.000000e+000  0.000000e+000  0.000000e+000  0.000000e+000  -2.450920e+003  -1.971262e+003  -9.253515e+002  9.253437e+002  1.971258e+003  2.450943e+003  0.000000e+000  0.000000e+000  0.000000e+000  0.000000e+000  0.000000e+000  
0.000000e+000  0.000000e+000  0.000000e+000  0.000000e+000  0.000000e+000  0.000000e+000  0.000000e+000  0.000000e+000  0.000000e+000  0.000000e+000  0.000000e+000  0.000000e+000  0.000000e+000  0.000000e+000  0.000000e+000  

0.000000e+000  0.000000e+000  0.000000e+000  0.000000e+000  0.000000e+000  -5.126531e+003  -5.522560e+003  -5.952159e+003  -5.522539e+003  -5.126484e+003  0.000000e+000  0.000000e+000  0.000000e+000  0.000000e+000  0.000000e+000  
0.000000e+000  0.000000e+000  0.000000e+000  -4.302466e+003  -4.924751e+003  -5.606216e+003  -6.219836e+003  -6.877507e+003  -6.219813e+003  -5.606142e+003  -4.924502e+003  -4.299646e+003  0.000000e+000  0.000000e+000  0.000000e+000  
0.000000e+000  0.000000e+000  -3.612207e+003  -4.381776e+003  -5.252473e+003  -6.205741e+003  -7.106969e+003  -8.131695e+003  -7.106969e+003  -6.205748e+003  -5.252539e+003  -4.382213e+003  -3.612104e+003  0.000000e+000  0.000000e+000  
0.000000e+000  0.000000e+000  -3.518490e+003  -4.383536e+003  -5.497624e+003  -6.857307e+003  -8.253345e+003  -9.898247e+003  -8.253363e+003  -6.857341e+003  -5.497696e+003  -4.383675e+003  -3.518480e+003  0.000000e+000  0.000000e+000  
0.000000e+000  -2.447764e+003  -3.179309e+003  -4.136253e+003  -5.497180e+003  -7.472517e+003  -9.782111e+003  -1.248725e+004  -9.782145e+003  -7.472555e+003  -5.497229e+003  -4.136310e+003  -3.179321e+003  -2.447757e+003  0.000000e+000  
0.000000e+000  -1.980185e+003  -2.584966e+003  -3.484987e+003  -4.882325e+003  -7.476510e+003  0.000000e+000  0.000000e+000  0.000000e+000  -7.476543e+003  -4.882354e+003  -3.485016e+003  -2.584979e+003  -1.980186e+003  0.000000e+000  
0.000000e+000  -9.195744e+002  -1.250590e+003  -1.762112e+003  -2.580400e+003  0.000000e+000  0.000000e+000  0.000000e+000  0.000000e+000  0.000000e+000  -2.580407e+003  -1.762122e+003  -1.250598e+003  -9.195772e+002  0.000000e+000  
0.000000e+000  9.195772e+002  1.250598e+003  1.762122e+003  2.580407e+003  0.000000e+000  0.000000e+000  0.000000e+000  0.000000e+000  0.000000e+000  2.580400e+003  1.762112e+003  1.250590e+003  9.195744e+002  0.000000e+000  
0.000000e+000  1.980186e+003  2.584979e+003  3.485016e+003  4.882354e+003  7.476543e+003  0.000000e+000  0.000000e+000  0.000000e+000  7.476510e+003  4.882325e+003  3.484987e+003  2.584966e+003  1.980185e+003  0.000000e+000  
0.000000e+000  2.447757e+003  3.179321e+003  4.136310e+003  5.497229e+003  7.472555e+003  9.782145e+003  1.248725e+004  9.782111e+003  7.472517e+003  5.497180e+003  4.136253e+003  3.179309e+003  2.447764e+003  0.000000e+000  
0.000000e+000  0.000000e+000  3.518480e+003  4.383675e+003  5.497696e+003  6.857341e+003  8.253363e+003  9.898247e+003  8.253345e+003  6.857307e+003  5.497624e+003  4.383536e+003  3.518490e+003  0.000000e+000  0.000000e+000  
0.000000e+000  0.000000e+000  3.612104e+003  4.382213e+003  5.252539e+003  6.205748e+003  7.106969e+003  8.131695e+003  7.106969e+003  6.205741e+003  5.252473e+003  4.381776e+003  3.612207e+003  0.000000e+000  0.000000e+000  
0.000000e+000  0.000000e+000  0.000000e+000  4.299646e+003  4.924502e+003  5.606142e+003  6.219813e+003  6.877507e+003  6.219836e+003  5.606216e+003  4.924751e+003  4.302466e+003  0.000000e+000  0.000000e+000  0.000000e+000  
0.000000e+000  0.000000e+000  0.000000e+000  0.000000e+000  0.000000e+000  5.126484e+003  5.522539e+003  5.952159e+003  5.522560e+003  5.126531e+003  0.000000e+000  0.000000e+000  0.000000e+000  0.000000e+000  0.000000e+000  
0.000000e+000  0.000000e+000  0.000000e+000  0.000000e+000  0.000000e+000  0.000000e+000  0.000000e+000  0.000000e+000  0.000000e+000  0.000000e+000  0.000000e+000  0.000000e+000  0.000000e+000  0.000000e+000  0.000000e+000  

0.000000e+000  0.000000e+000  0.000000e+000  0.000000e+000  0.000000e+000  0.000000e+000  0.000000e+000  0.000000e+000  0.000000e+000  0.000000e+000  0.000000e+000  0.000000e+000  0.000000e+000  0.000000e+000  0.000000e+000  
0.000000e+000  0.000000e+000  0.000000e+000  0.000000e+000  0.000000e+000  0.000000e+000  0.000000e+000  0.000000e+000  0.000000e+000  0.000000e+000  0.000000e+000  0.000000e+000  0.000000e+000  0.000000e+000  0.000000e+000  
0.000000e+000  0.000000e+000  0.000000e+000  0.000000e+000  0.000000e+000  0.000000e+000  0.000000e+000  0.000000e+000  0.000000e+000  0.000000e+000  0.000000e+000  0.000000e+000  0.000000e+000  0.000000e+000  0.000000e+000  
0.000000e+000  0.000000e+000  0.000000e+000  0.000000e+000  0.000000e+000  0.000000e+000  0.000000e+000  0.000000e+000  0.000000e+000  0.000000e+000  0.000000e+000  0.000000e+000  0.000000e+000  0.000000e+000  0.000000e+000  
0.000000e+000  0.000000e+000  0.000000e+000  0.000000e+000  0.000000e+000  0.000000e+000  0.000000e+000  0.000000e+000  0.000000e+000  0.000000e+000  0.000000e+000  0.000000e+000  0.000000e+000  0.000000e+000  0.000000e+000  
0.000000e+000  0.000000e+000  0.000000e+000  0.000000e+000  0.000000e+000  0.000000e+000  0.000000e+000  0.000000e+000  0.000000e+000  0.000000e+000  0.000000e+000  0.000000e+000  0.000000e+000  0.000000e+000  0.000000e+000  
0.000000e+000  0.000000e+000  0.000000e+000  0.000000e+000  0.000000e+000  0.000000e+000  0.000000e+000  0.000000e+000  0.000000e+000  0.000000e+000  0.000000e+000  0.000000e+000  0.000000e+000  0.000000e+000  0.000000e+000  
0.000000e+000  0.000000e+000  0.000000e+000  0.000000e+000  0.000000e+000  0.000000e+000  0.000000e+000  0.000000e+000  0.000000e+000  0.000000e+000  0.000000e+000  0.000000e+000  0.000000e+000  0.000000e+000  0.000000e+000  
0.000000e+000  0.000000e+000  0.000000e+000  0.000000e+000  0.000000e+000  0.000000e+000  0.000000e+000  0.000000e+000  0.000000e+000  0.000000e+000  0.000000e+000  0.000000e+000  0.000000e+000  0.000000e+000  0.000000e+000  
0.000000e+000  0.000000e+000  0.000000e+000  0.000000e+000  0.000000e+000  0.000000e+000  0.000000e+000  0.000000e+000  0.000000e+000  0.000000e+000  0.000000e+000  0.000000e+000  0.000000e+000  0.000000e+000  0.000000e+000  
0.000000e+000  0.000000e+000  0.000000e+000  0.000000e+000  0.000000e+000  0.000000e+000  0.000000e+000  0.000000e+000  0.000000e+000  0.000000e+000  0.000000e+000  0.000000e+000  0.000000e+000  0.000000e+000  0.000000e+000  
0.000000e+000  0.000000e+000  0.000000e+000  0.000000e+000  0.000000e+000  0.000000e+000  0.000000e+000  0.000000e+000  0.000000e+000  0.000000e+000  0.000000e+000  0.000000e+000  0.000000e+000  0.000000e+000  0.000000e+000  
0.000000e+000  0.000000e+000  0.000000e+000  0.000000e+000  0.000000e+000  0.000000e+000  0.000000e+000  0.000000e+000  0.000000e+000  0.000000e+000  0.000000e+000  0.000000e+000  0.000000e+000  0.000000e+000  0.000000e+000  
0.000000e+000  0.000000e+000  0.000000e+000  0.000000e+000  0.000000e+000  0.000000e+000  0.000000e+000  0.000000e+000  0.000000e+000  0.000000e+000  0.000000e+000  0.000000e+000  0.000000e+000  0.000000e+000  0.000000e+000  
0.000000e+000  0.000000e+000  0.000000e+000  0.000000e+000  0.000000e+000  0.000000e+000  0.000000e+000  0.000000e+000  0.000000e+000  0.000000e+000  0.000000e+000  0.000000e+000  0.000000e+000  0.000000e+000  0.000000e+000  

0.000000e+000  0.000000e+000  0.000000e+000  0.000000e+000  0.000000e+000  0.000000e+000  0.000000e+000  0.000000e+000  0.000000e+000  0.000000e+000  0.000000e+000  0.000000e+000  0.000000e+000  0.000000e+000  0.000000e+000  
0.000000e+000  0.000000e+000  0.000000e+000  0.000000e+000  0.000000e+000  0.000000e+000  0.000000e+000  0.000000e+000  0.000000e+000  0.000000e+000  0.000000e+000  0.000000e+000  0.000000e+000  0.000000e+000  0.000000e+000  
0.000000e+000  0.000000e+000  0.000000e+000  0.000000e+000  0.000000e+000  0.000000e+000  0.000000e+000  0.000000e+000  0.000000e+000  0.000000e+000  0.000000e+000  0.000000e+000  0.000000e+000  0.000000e+000  0.000000e+000  
0.000000e+000  0.000000e+000  0.000000e+000  0.000000e+000  0.000000e+000  0.000000e+000  0.000000e+000  0.000000e+000  0.000000e+000  0.000000e+000  0.000000e+000  0.000000e+000  0.000000e+000  0.000000e+000  0.000000e+000  
0.000000e+000  0.000000e+000  0.000000e+000  0.000000e+000  0.000000e+000  0.000000e+000  0.000000e+000  0.000000e+000  0.000000e+000  0.000000e+000  0.000000e+000  0.000000e+000  0.000000e+000  0.000000e+000  0.000000e+000  
0.000000e+000  0.000000e+000  0.000000e+000  0.000000e+000  0.000000e+000  0.000000e+000  0.000000e+000  0.000000e+000  0.000000e+000  0.000000e+000  0.000000e+000  0.000000e+000  0.000000e+000  0.000000e+000  0.000000e+000  
0.000000e+000  0.000000e+000  0.000000e+000  0.000000e+000  0.000000e+000  0.000000e+000  0.000000e+000  0.000000e+000  0.000000e+000  0.000000e+000  0.000000e+000  0.000000e+000  0.000000e+000  0.000000e+000  0.000000e+000  
0.000000e+000  0.000000e+000  0.000000e+000  0.000000e+000  0.000000e+000  0.000000e+000  0.000000e+000  0.000000e+000  0.000000e+000  0.000000e+000  0.000000e+000  0.000000e+000  0.000000e+000  0.000000e+000  0.000000e+000  
0.000000e+000  0.000000e+000  0.000000e+000  0.000000e+000  0.000000e+000  0.000000e+000  0.000000e+000  0.000000e+000  0.000000e+000  0.000000e+000  0.000000e+000  0.000000e+000  0.000000e+000  0.000000e+000  0.000000e+000  
0.000000e+000  0.000000e+000  0.000000e+000  0.000000e+000  0.000000e+000  0.000000e+000  0.000000e+000  0.000000e+000  0.000000e+000  0.000000e+000  0.000000e+000  0.000000e+000  0.000000e+000  0.000000e+000  0.000000e+000  
0.000000e+000  0.000000e+000  0.000000e+000  0.000000e+000  0.000000e+000  0.000000e+000  0.000000e+000  0.000000e+000  0.000000e+000  0.000000e+000  0.000000e+000  0.000000e+000  0.000000e+000  0.000000e+000  0.000000e+000  
0.000000e+000  0.000000e+000  0.000000e+000  0.000000e+000  0.000000e+000  0.000000e+000  0.000000e+000  0.000000e+000  0.000000e+000  0.000000e+000  0.000000e+000  0.000000e+000  0.000000e+000  0.000000e+000  0.000000e+000  
0.000000e+000  0.000000e+000  0.000000e+000  0.000000e+000  0.000000e+000  0.000000e+000  0.000000e+000  0.000000e+000  0.000000e+000  0.000000e+000  0.000000e+000  0.000000e+000  0.000000e+000  0.000000e+000  0.000000e+000  
0.000000e+000  0.000000e+000  0.000000e+000  0.000000e+000  0.000000e+000  0.000000e+000  0.000000e+000  0.000000e+000  0.000000e+000  0.000000e+000  0.000000e+000  0.000000e+000  0.000000e+000  0.000000e+000  0.000000e+000  
0.000000e+000  0.000000e+000  0.000000e+000  0.000000e+000  0.000000e+000  0.000000e+000  0.000000e+000  0.000000e+000  0.000000e+000  0.000000e+000  0.000000e+000  0.000000e+000  0.000000e+000  0.000000e+000  0.000000e+000  

0.000000e+000  0.000000e+000  0.000000e+000  0.000000e+000  0.000000e+000  0.000000e+000  0.000000e+000  0.000000e+000  0.000000e+000  0.000000e+000  0.000000e+000  0.000000e+000  0.000000e+000  0.000000e+000  0.000000e+000  
0.000000e+000  0.000000e+000  0.000000e+000  0.000000e+000  0.000000e+000  0.000000e+000  0.000000e+000  0.000000e+000  0.000000e+000  0.000000e+000  0.000000e+000  0.000000e+000  0.000000e+000  0.000000e+000  0.000000e+000  
0.000000e+000  0.000000e+000  0.000000e+000  0.000000e+000  0.000000e+000  0.000000e+000  0.000000e+000  0.000000e+000  0.000000e+000  0.000000e+000  0.000000e+000  0.000000e+000  0.000000e+000  0.000000e+000  0.000000e+000  
0.000000e+000  0.000000e+000  0.000000e+000  0.000000e+000  0.000000e+000  0.000000e+000  0.000000e+000  0.000000e+000  0.000000e+000  0.000000e+000  0.000000e+000  0.000000e+000  0.000000e+000  0.000000e+000  0.000000e+000  
0.000000e+000  0.000000e+000  0.000000e+000  0.000000e+000  0.000000e+000  0.000000e+000  0.000000e+000  0.000000e+000  0.000000e+000  0.000000e+000  0.000000e+000  0.000000e+000  0.000000e+000  0.000000e+000  0.000000e+000  
0.000000e+000  0.000000e+000  0.000000e+000  0.000000e+000  0.000000e+000  0.000000e+000  0.000000e+000  0.000000e+000  0.000000e+000  0.000000e+000  0.000000e+000  0.000000e+000  0.000000e+000  0.000000e+000  0.000000e+000  
0.000000e+000  0.000000e+000  0.000000e+000  0.000000e+000  0.000000e+000  0.000000e+000  0.000000e+000  0.000000e+000  0.000000e+000  0.000000e+000  0.000000e+000  0.000000e+000  0.000000e+000  0.000000e+000  0.000000e+000  
0.000000e+000  0.000000e+000  0.000000e+000  0.000000e+000  0.000000e+000  0.000000e+000  0.000000e+000  0.000000e+000  0.000000e+000  0.000000e+000  0.000000e+000  0.000000e+000  0.000000e+000  0.000000e+000  0.000000e+000  
0.000000e+000  0.000000e+000  0.000000e+000  0.000000e+000  0.000000e+000  0.000000e+000  0.000000e+000  0.000000e+000  0.000000e+000  0.000000e+000  0.000000e+000  0.000000e+000  0.000000e+000  0.000000e+000  0.000000e+000  
0.000000e+000  0.000000e+000  0.000000e+000  0.000000e+000  0.000000e+000  0.000000e+000  0.000000e+000  0.000000e+000  0.000000e+000  0.000000e+000  0.000000e+000  0.000000e+000  0.000000e+000  0.000000e+000  0.000000e+000  
0.000000e+000  0.000000e+000  0.000000e+000  0.000000e+000  0.000000e+000  0.000000e+000  0.000000e+000  0.000000e+000  0.000000e+000  0.000000e+000  0.000000e+000  0.000000e+000  0.000000e+000  0.000000e+000  0.000000e+000  
0.000000e+000  0.000000e+000  0.000000e+000  0.000000e+000  0.000000e+000  0.000000e+000  0.000000e+000  0.000000e+000  0.000000e+000  0.000000e+000  0.000000e+000  0.000000e+000  0.000000e+000  0.000000e+000  0.000000e+000  
0.000000e+000  0.000000e+000  0.000000e+000  0.000000e+000  0.000000e+000  0.000000e+000  0.000000e+000  0.000000e+000  0.000000e+000  0.000000e+000  0.000000e+000  0.000000e+000  0.000000e+000  0.000000e+000  0.000000e+000  
0.000000e+000  0.000000e+000  0.000000e+000  0.000000e+000  0.000000e+000  0.000000e+000  0.000000e+000  0.000000e+000  0.000000e+000  0.000000e+000  0.000000e+000  0.000000e+000  0.000000e+000  0.000000e+000  0.000000e+000  
0.000000e+000  0.000000e+000  0.000000e+000  0.000000e+000  0.000000e+000  0.000000e+000  0.000000e+000  0.000000e+000  0.000000e+000  0.000000e+000  0.000000e+000  0.000000e+000  0.000000e+000  0.000000e+000  0.000000e+000  

0.000000e+000  0.000000e+000  0.000000e+000  0.000000e+000  0.000000e+000  0.000000e+000  0.000000e+000  0.000000e+000  0.000000e+000  0.000000e+000  0.000000e+000  0.000000e+000  0.000000e+000  0.000000e+000  0.000000e+000  
0.000000e+000  0.000000e+000  0.000000e+000  0.000000e+000  0.000000e+000  3.700108e-007  -6.682284e-007  -2.786325e-007  -6.706196e-007  3.687582e-007  0.000000e+000  0.000000e+000  0.000000e+000  0.000000e+000  0.000000e+000  
0.000000e+000  0.000000e+000  0.000000e+000  1.686370e-007  6.869026e-007  4.674240e-008  -9.653643e-007  -3.618123e-007  -9.688372e-007  4.275705e-008  7.016199e-007  2.406009e-007  0.000000e+000  0.000000e+000  0.000000e+000  
0.000000e+000  0.000000e+000  -1.608371e-007  3.130203e-007  5.881799e-007  8.579877e-008  -7.812983e-007  -1.407965e-007  -7.879595e-007  6.803552e-008  5.578343e-007  2.989578e-007  -1.661604e-007  0.000000e+000  0.000000e+000  
0.000000e+000  0.000000e+000  -6.389646e-007  6.869026e-007  1.257945e-006  4.913360e-007  3.653991e-007  3.868061e-007  3.579409e-007  4.542154e-007  1.168104e-006  5.806647e-007  -7.103022e-007  0.000000e+000  0.000000e+000  
0.000000e+000  -3.704947e-008  1.773336e-007  1.809517e-006  3.265990e-006  2.638298e-007  0.000000e+000  0.000000e+000  0.000000e+000  2.266522e-007  3.068829e-006  1.573869e-006  0.000000e+000  -9.251692e-008  0.000000e+000  
0.000000e+000  -3.116461e-006  -4.250085e-007  3.108561e-006  9.731570e-006  0.000000e+000  0.000000e+000  0.000000e+000  0.000000e+000  0.000000e+000  9.316767e-006  2.639301e-006  -7.568667e-007  -3.262983e-006  0.000000e+000  
0.000000e+000  -1.647634e-006  -6.413202e-008  1.696099e-006  2.753866e-006  0.000000e+000  0.000000e+000  0.000000e+000  0.000000e+000  0.000000e+000  6.200057e-008  1.967266e-007  -8.721037e-007  -2.000301e-006  0.000000e+000  
0.000000e+000  -3.116091e-006  -4.213790e-007  3.110547e-006  9.732439e-006  0.000000e+000  0.000000e+000  0.000000e+000  0.000000e+000  0.000000e+000  9.314632e-006  2.636647e-006  -7.590658e-007  -3.263755e-006  0.000000e+000  
0.000000e+000  -3.176889e-008  1.809346e-007  1.814328e-006  3.274871e-006  2.568270e-007  0.000000e+000  0.000000e+000  0.000000e+000  2.216990e-007  3.064160e-006  1.566781e-006  0.000000e+000  -9.584753e-008  0.000000e+000  
0.000000e+000  0.000000e+000  -6.314778e-007  7.025593e-007  1.265461e-006  5.020395e-007  3.685305e-007  3.942644e-007  3.535000e-007  4.482943e-007  1.154327e-006  5.674846e-007  -7.152839e-007  0.000000e+000  0.000000e+000  
0.000000e+000  0.000000e+000  -1.638831e-007  3.478067e-007  6.115511e-007  9.735627e-008  -7.775407e-007  -1.404549e-007  -7.924573e-007  5.465615e-008  5.391886e-007  2.685268e-007  -1.739033e-007  0.000000e+000  0.000000e+000  
0.000000e+000  0.000000e+000  0.000000e+000  2.377258e-007  7.204933e-007  5.642109e-008  -9.589877e-007  -3.624955e-007  -9.755554e-007  3.182582e-008  6.720999e-007  1.485679e-007  0.000000e+000  0.000000e+000  0.000000e+000  
0.000000e+000  0.000000e+000  0.000000e+000  0.000000e+000  0.000000e+000  3.745370e-007  -6.689116e-007  -2.796573e-007  -6.740925e-007  3.680466e-007  0.000000e+000  0.000000e+000  0.000000e+000  0.000000e+000  0.000000e+000  
0.000000e+000  0.000000e+000  0.000000e+000  0.000000e+000  0.000000e+000  0.000000e+000  0.000000e+000  0.000000e+000  0.000000e+000  0.000000e+000  0.000000e+000  0.000000e+000  0.000000e+000  0.000000e+000  0.000000e+000  

